[2025-09-14 13:04:35.536] [INFO] MainForm initialization started
[2025-09-14 13:04:41.029] [INFO] IngestWorker initialized with TCP and Named Pipe support
[2025-09-14 13:04:41.462] [INFO] MainForm initialization completed successfully
[2025-09-14 13:04:41.465] [INFO] Starting data ingestion worker
[2025-09-14 13:04:41.560] [INFO] TCP listener started on port 9999
[2025-09-14 13:04:41.596] [INFO] Starting Named Pipe listener: TradingDataPipe
[2025-09-14 13:04:41.603] [INFO] Message processing loop started
[2025-09-14 13:04:41.715] [INFO] Data ingestion worker started successfully
[2025-09-14 13:04:58.783] [INFO] TCP client connected from 127.0.0.1:54444
[2025-09-14 13:07:10.152] [ERROR] TCP Client handler error
[2025-09-14 13:07:10.154] [ERROR] Exception: Unable to read data from the transport connection: An existing connection was forcibly closed by the remote host..
[2025-09-14 13:07:10.356] [ERROR]    at System.Net.Sockets.Socket.AwaitableSocketAsyncEventArgs.ThrowException(SocketError error, CancellationToken cancellationToken)
   at System.Threading.Tasks.ValueTask`1.ValueTaskSourceAsTask.<>c.<.cctor>b__4_0(Object state)
--- End of stack trace from previous location ---
   at TradingDataVisualization.Workers.IngestWorker.HandleTcpClientAsync(TcpClient client, CancellationToken cancellationToken) in C:\Users\vinee\Downloads\TradingSimulator\TradingDataVisualization\Workers\IngestWorker.cs:line 216
[2025-09-14 14:36:40.043] [INFO] MainForm initialization started
[2025-09-14 14:36:43.257] [INFO] IngestWorker initialized with TCP and Named Pipe support
[2025-09-14 14:36:43.428] [INFO] MainForm initialization completed successfully
[2025-09-14 14:36:43.430] [INFO] Starting data ingestion worker
[2025-09-14 14:36:43.486] [INFO] TCP listener started on port 9999
[2025-09-14 14:36:43.520] [INFO] Starting Named Pipe listener: TradingDataPipe
[2025-09-14 14:36:43.525] [INFO] Message processing loop started
[2025-09-14 14:36:43.637] [INFO] Data ingestion worker started successfully
[2025-09-14 14:37:16.922] [INFO] TCP client connected from 127.0.0.1:49712
[2025-09-14 15:27:38.388] [INFO] MainForm shutdown initiated
[2025-09-14 15:27:38.461] [INFO] Stopping data ingestion worker
[2025-09-14 15:27:38.507] [INFO] TCP client disconnected
[2025-09-14 15:27:39.448] [ERROR] TCP Listener error
[2025-09-14 15:27:39.449] [ERROR] Exception: The I/O operation has been aborted because of either a thread exit or an application request.
[2025-09-14 15:27:39.519] [INFO] Named Pipe listener stopped
[2025-09-14 15:27:39.788] [INFO] Message processing loop cancelled
[2025-09-14 15:27:41.815] [ERROR]    at System.Net.Sockets.Socket.AwaitableSocketAsyncEventArgs.ThrowException(SocketError error, CancellationToken cancellationToken)
   at System.Net.Sockets.Socket.AwaitableSocketAsyncEventArgs.System.Threading.Tasks.Sources.IValueTaskSource<System.Net.Sockets.Socket>.GetResult(Int16 token)
   at System.Net.Sockets.TcpListener.<AcceptTcpClientAsync>g__WaitAndWrap|32_0(ValueTask`1 task)
   at TradingDataVisualization.Workers.IngestWorker.StartTcpListenerAsync(CancellationToken cancellationToken) in C:\Users\vinee\Downloads\TradingSimulator\TradingDataVisualization\Workers\IngestWorker.cs:line 166
[2025-09-14 15:27:41.817] [INFO] Data ingestion worker stopped successfully
[2025-09-14 15:27:41.885] [INFO] MainForm shutdown completed
[2025-09-14 15:27:42.250] [INFO] === Application startup initiated ===
[2025-09-14 15:27:42.254] [INFO] MainForm initialization started
[2025-09-14 15:27:42.438] [INFO] IngestWorker initialized with TCP and Named Pipe support
[2025-09-14 15:27:42.485] [INFO] MainForm initialization completed successfully
[2025-09-14 15:27:42.485] [INFO] Starting data ingestion worker
[2025-09-14 15:27:42.488] [INFO] TCP listener started on port 9999
[2025-09-14 15:27:42.491] [INFO] Starting Named Pipe listener: TradingDataPipe
[2025-09-14 15:27:42.493] [INFO] Message processing loop started
[2025-09-14 15:27:42.593] [INFO] Data ingestion worker started successfully
[2025-09-14 15:32:32.364] [INFO] MainForm initialization started
[2025-09-14 15:32:36.753] [INFO] IngestWorker initialized with TCP and Named Pipe support
[2025-09-14 15:32:37.097] [INFO] MainForm initialization completed successfully
[2025-09-14 15:32:37.099] [INFO] Starting data ingestion worker
[2025-09-14 15:32:37.222] [INFO] TCP listener started on port 9999
[2025-09-14 15:32:37.256] [INFO] Starting Named Pipe listener: TradingDataPipe
[2025-09-14 15:32:37.262] [INFO] Message processing loop started
[2025-09-14 15:32:37.373] [INFO] Data ingestion worker started successfully
[2025-09-14 15:34:11.501] [INFO] TCP client connected from 127.0.0.1:64578
[2025-09-14 15:35:16.044] [INFO] MainForm initialization started
[2025-09-14 15:35:22.811] [INFO] IngestWorker initialized with TCP and Named Pipe support
[2025-09-14 15:35:24.571] [INFO] MainForm initialization completed successfully
[2025-09-14 15:35:24.581] [INFO] Starting data ingestion worker
[2025-09-14 15:35:24.814] [INFO] TCP listener started on port 9999
[2025-09-14 15:35:24.844] [INFO] Starting Named Pipe listener: TradingDataPipe
[2025-09-14 15:35:24.852] [INFO] Message processing loop started
[2025-09-14 15:35:24.972] [INFO] Data ingestion worker started successfully
[2025-09-14 15:35:43.351] [INFO] TCP client connected from 127.0.0.1:64599
[2025-09-14 15:39:22.579] [INFO] MainForm shutdown initiated
[2025-09-14 15:39:22.588] [INFO] Stopping data ingestion worker
[2025-09-14 15:39:22.803] [INFO] TCP client disconnected
[2025-09-14 15:39:22.825] [INFO] Message processing loop cancelled
[2025-09-14 15:39:22.905] [INFO] Named Pipe listener stopped
[2025-09-14 15:39:22.905] [ERROR] TCP Listener error
[2025-09-14 15:39:22.905] [ERROR] Exception: The I/O operation has been aborted because of either a thread exit or an application request.
[2025-09-14 15:39:23.077] [ERROR]    at System.Net.Sockets.Socket.AwaitableSocketAsyncEventArgs.ThrowException(SocketError error, CancellationToken cancellationToken)
   at System.Net.Sockets.Socket.AwaitableSocketAsyncEventArgs.System.Threading.Tasks.Sources.IValueTaskSource<System.Net.Sockets.Socket>.GetResult(Int16 token)
   at System.Net.Sockets.TcpListener.<AcceptTcpClientAsync>g__WaitAndWrap|32_0(ValueTask`1 task)
   at TradingDataVisualization.Workers.IngestWorker.StartTcpListenerAsync(CancellationToken cancellationToken) in C:\Users\vinee\Downloads\TradingSimulator\TradingDataVisualization\Workers\IngestWorker.cs:line 166
[2025-09-14 15:39:23.078] [INFO] Data ingestion worker stopped successfully
[2025-09-14 15:39:23.092] [INFO] MainForm shutdown completed
[2025-09-14 15:39:26.271] [INFO] === Application startup initiated ===
[2025-09-14 15:39:26.274] [INFO] MainForm initialization started
[2025-09-14 15:39:26.278] [INFO] IngestWorker initialized with TCP and Named Pipe support
[2025-09-14 15:39:26.298] [INFO] MainForm initialization completed successfully
[2025-09-14 15:39:26.298] [INFO] Starting data ingestion worker
[2025-09-14 15:39:26.300] [INFO] TCP listener started on port 9999
[2025-09-14 15:39:26.301] [INFO] Starting Named Pipe listener: TradingDataPipe
[2025-09-14 15:39:26.301] [INFO] Message processing loop started
[2025-09-14 15:39:26.407] [INFO] Data ingestion worker started successfully
[2025-09-14 15:48:17.522] [INFO] MainForm initialization started
[2025-09-14 15:48:20.545] [INFO] IngestWorker initialized with TCP and Named Pipe support
[2025-09-14 15:48:21.120] [INFO] MainForm initialization completed successfully
[2025-09-14 15:48:21.134] [INFO] Starting data ingestion worker
[2025-09-14 15:48:21.521] [INFO] TCP listener started on port 9999
[2025-09-14 15:48:21.621] [INFO] Starting Named Pipe listener: TradingDataPipe
[2025-09-14 15:48:21.629] [INFO] Message processing loop started
[2025-09-14 15:48:21.757] [INFO] Data ingestion worker started successfully
[2025-09-14 15:48:34.104] [INFO] TCP client connected from 127.0.0.1:56825
[2025-09-14 15:54:01.218] [INFO] MainForm initialization started
[2025-09-14 15:54:09.842] [INFO] IngestWorker initialized with TCP and Named Pipe support
[2025-09-14 15:54:10.149] [INFO] MainForm initialization completed successfully
[2025-09-14 15:54:10.161] [INFO] Starting data ingestion worker
[2025-09-14 15:54:10.255] [INFO] TCP listener started on port 9999
[2025-09-14 15:54:10.291] [INFO] Starting Named Pipe listener: TradingDataPipe
[2025-09-14 15:54:10.298] [INFO] Message processing loop started
[2025-09-14 15:54:10.414] [INFO] Data ingestion worker started successfully
[2025-09-14 15:54:22.120] [INFO] TCP client connected from 127.0.0.1:55161
[2025-09-14 15:59:41.830] [INFO] MainForm initialization started
[2025-09-14 15:59:45.444] [INFO] IngestWorker initialized with TCP and Named Pipe support
[2025-09-14 15:59:45.781] [INFO] MainForm initialization completed successfully
[2025-09-14 15:59:45.784] [INFO] Starting data ingestion worker
[2025-09-14 15:59:45.899] [INFO] TCP listener started on port 9999
[2025-09-14 15:59:45.928] [INFO] Starting Named Pipe listener: TradingDataPipe
[2025-09-14 15:59:45.933] [INFO] Message processing loop started
[2025-09-14 15:59:46.045] [INFO] Data ingestion worker started successfully
[2025-09-14 16:00:02.787] [INFO] TCP client connected from 127.0.0.1:59995
[2025-09-14 16:03:41.067] [INFO] MainForm shutdown initiated
[2025-09-14 16:03:41.104] [INFO] Stopping data ingestion worker
[2025-09-14 16:03:41.271] [INFO] TCP client disconnected
[2025-09-14 16:03:41.384] [INFO] Message processing loop cancelled
[2025-09-14 16:03:41.462] [INFO] Named Pipe listener stopped
[2025-09-14 16:03:41.535] [ERROR] TCP Listener error
[2025-09-14 16:03:41.536] [ERROR] Exception: The I/O operation has been aborted because of either a thread exit or an application request.
[2025-09-14 16:03:41.785] [ERROR]    at System.Net.Sockets.Socket.AwaitableSocketAsyncEventArgs.ThrowException(SocketError error, CancellationToken cancellationToken)
   at System.Net.Sockets.Socket.AwaitableSocketAsyncEventArgs.System.Threading.Tasks.Sources.IValueTaskSource<System.Net.Sockets.Socket>.GetResult(Int16 token)
   at System.Net.Sockets.TcpListener.<AcceptTcpClientAsync>g__WaitAndWrap|32_0(ValueTask`1 task)
   at TradingDataVisualization.Workers.IngestWorker.StartTcpListenerAsync(CancellationToken cancellationToken) in C:\Users\vinee\Downloads\TradingSimulator\TradingDataVisualization\Workers\IngestWorker.cs:line 166
[2025-09-14 16:03:41.786] [INFO] Data ingestion worker stopped successfully
[2025-09-14 16:03:41.805] [INFO] MainForm shutdown completed
[2025-09-14 16:03:45.022] [INFO] === Application startup initiated ===
[2025-09-14 16:03:45.027] [INFO] MainForm initialization started
[2025-09-14 16:03:45.039] [INFO] IngestWorker initialized with TCP and Named Pipe support
[2025-09-14 16:03:45.090] [INFO] MainForm initialization completed successfully
[2025-09-14 16:03:45.090] [INFO] Starting data ingestion worker
[2025-09-14 16:03:45.093] [INFO] TCP listener started on port 9999
[2025-09-14 16:03:45.098] [INFO] Starting Named Pipe listener: TradingDataPipe
[2025-09-14 16:03:45.101] [INFO] Message processing loop started
[2025-09-14 16:03:45.215] [INFO] Data ingestion worker started successfully
[2025-09-14 16:04:58.177] [INFO] MainForm initialization started
[2025-09-14 16:05:02.278] [INFO] IngestWorker initialized with TCP and Named Pipe support
[2025-09-14 16:05:02.523] [INFO] MainForm initialization completed successfully
[2025-09-14 16:05:02.527] [INFO] Starting data ingestion worker
[2025-09-14 16:05:02.625] [INFO] TCP listener started on port 9999
[2025-09-14 16:05:02.650] [INFO] Starting Named Pipe listener: TradingDataPipe
[2025-09-14 16:05:02.657] [INFO] Message processing loop started
[2025-09-14 16:05:02.780] [INFO] Data ingestion worker started successfully
[2025-09-14 16:05:14.477] [INFO] TCP client connected from 127.0.0.1:54837
[2025-09-14 16:07:55.184] [INFO] MainForm initialization started
[2025-09-14 16:07:58.502] [INFO] IngestWorker initialized with TCP and Named Pipe support
[2025-09-14 16:07:58.827] [INFO] MainForm initialization completed successfully
[2025-09-14 16:07:58.829] [INFO] Starting data ingestion worker
[2025-09-14 16:07:58.924] [INFO] TCP listener started on port 9999
[2025-09-14 16:07:58.951] [INFO] Starting Named Pipe listener: TradingDataPipe
[2025-09-14 16:07:58.955] [INFO] Message processing loop started
[2025-09-14 16:07:59.071] [INFO] Data ingestion worker started successfully
[2025-09-14 16:08:11.508] [INFO] TCP client connected from 127.0.0.1:56637
[2025-09-14 16:12:24.817] [INFO] MainForm initialization started
[2025-09-14 16:12:29.597] [INFO] IngestWorker initialized with TCP and Named Pipe support
[2025-09-14 16:12:29.809] [INFO] MainForm initialization completed successfully
[2025-09-14 16:12:29.811] [INFO] Starting data ingestion worker
[2025-09-14 16:12:29.877] [INFO] TCP listener started on port 9999
[2025-09-14 16:12:29.908] [INFO] Starting Named Pipe listener: TradingDataPipe
[2025-09-14 16:12:29.914] [INFO] Message processing loop started
[2025-09-14 16:12:30.025] [INFO] Data ingestion worker started successfully
[2025-09-14 16:12:47.020] [INFO] TCP client connected from 127.0.0.1:51099
[2025-09-14 16:17:06.458] [INFO] MainForm initialization started
[2025-09-14 16:17:11.845] [INFO] IngestWorker initialized with TCP and Named Pipe support
[2025-09-14 16:17:12.472] [INFO] MainForm initialization completed successfully
[2025-09-14 16:17:12.481] [INFO] Starting data ingestion worker
[2025-09-14 16:17:12.637] [INFO] TCP listener started on port 9999
[2025-09-14 16:17:12.665] [INFO] Starting Named Pipe listener: TradingDataPipe
[2025-09-14 16:17:12.670] [INFO] Message processing loop started
[2025-09-14 16:17:12.788] [INFO] Data ingestion worker started successfully
[2025-09-14 16:17:46.136] [INFO] TCP client connected from 127.0.0.1:51166
[2025-09-14 16:26:38.764] [INFO] MainForm initialization started
[2025-09-14 16:26:46.944] [INFO] IngestWorker initialized with TCP and Named Pipe support
[2025-09-14 16:26:48.500] [INFO] MainForm initialization completed successfully
[2025-09-14 16:26:48.532] [INFO] Starting data ingestion worker
[2025-09-14 16:26:48.897] [INFO] TCP listener started on port 9999
[2025-09-14 16:26:48.928] [INFO] Starting Named Pipe listener: TradingDataPipe
[2025-09-14 16:26:48.936] [INFO] Message processing loop started
[2025-09-14 16:26:49.050] [INFO] Data ingestion worker started successfully
[2025-09-14 16:32:44.713] [INFO] MainForm initialization started
[2025-09-14 16:32:51.373] [INFO] IngestWorker initialized with TCP and Named Pipe support
[2025-09-14 16:32:51.957] [INFO] MainForm initialization completed successfully
[2025-09-14 16:32:51.960] [INFO] Starting data ingestion worker
[2025-09-14 16:32:52.432] [INFO] TCP listener started on port 9999
[2025-09-14 16:32:52.754] [INFO] Starting Named Pipe listener: TradingDataPipe
[2025-09-14 16:32:52.770] [INFO] Message processing loop started
[2025-09-14 16:32:52.946] [INFO] Data ingestion worker started successfully
[2025-09-14 16:33:16.476] [INFO] TCP client connected from 127.0.0.1:54405
[2025-09-14 16:34:01.836] [INFO] MainForm shutdown initiated
[2025-09-14 16:34:01.843] [INFO] Stopping data ingestion worker
[2025-09-14 16:34:02.166] [INFO] Message processing loop cancelled
[2025-09-14 16:34:02.166] [INFO] TCP client disconnected
[2025-09-14 16:34:02.240] [INFO] Named Pipe listener stopped
[2025-09-14 16:34:02.317] [ERROR] TCP Listener error
[2025-09-14 16:34:02.317] [ERROR] Exception: The I/O operation has been aborted because of either a thread exit or an application request.
[2025-09-14 16:34:02.493] [ERROR]    at System.Net.Sockets.Socket.AwaitableSocketAsyncEventArgs.ThrowException(SocketError error, CancellationToken cancellationToken)
   at System.Net.Sockets.Socket.AwaitableSocketAsyncEventArgs.System.Threading.Tasks.Sources.IValueTaskSource<System.Net.Sockets.Socket>.GetResult(Int16 token)
   at System.Net.Sockets.TcpListener.<AcceptTcpClientAsync>g__WaitAndWrap|32_0(ValueTask`1 task)
   at TradingDataVisualization.Workers.IngestWorker.StartTcpListenerAsync(CancellationToken cancellationToken) in C:\Users\vinee\Downloads\TradingSimulator\TradingDataVisualization\Workers\IngestWorker.cs:line 166
[2025-09-14 16:34:02.495] [INFO] Data ingestion worker stopped successfully
[2025-09-14 16:34:02.510] [INFO] MainForm shutdown completed
[2025-09-14 16:34:03.422] [INFO] === Application startup initiated ===
[2025-09-14 16:34:03.428] [INFO] MainForm initialization started
[2025-09-14 16:34:03.438] [INFO] IngestWorker initialized with TCP and Named Pipe support
[2025-09-14 16:34:03.484] [INFO] MainForm initialization completed successfully
[2025-09-14 16:34:03.484] [INFO] Starting data ingestion worker
[2025-09-14 16:34:03.488] [INFO] TCP listener started on port 9999
[2025-09-14 16:34:03.491] [INFO] Starting Named Pipe listener: TradingDataPipe
[2025-09-14 16:34:03.492] [INFO] Message processing loop started
[2025-09-14 16:34:03.599] [INFO] Data ingestion worker started successfully
[2025-09-14 16:34:18.925] [INFO] TCP client connected from 127.0.0.1:54439
[2025-09-14 16:59:58.920] [INFO] MainForm initialization started
[2025-09-14 17:00:01.804] [INFO] IngestWorker initialized with TCP and Named Pipe support
[2025-09-14 17:00:02.300] [INFO] MainForm initialization completed successfully
[2025-09-14 17:00:02.309] [INFO] Starting data ingestion worker
[2025-09-14 17:00:02.649] [INFO] TCP listener started on port 9999
[2025-09-14 17:00:02.675] [INFO] Starting Named Pipe listener: TradingDataPipe
[2025-09-14 17:00:02.683] [INFO] Message processing loop started
[2025-09-14 17:00:02.800] [INFO] Data ingestion worker started successfully
[2025-09-14 17:00:59.847] [INFO] TCP client connected from 127.0.0.1:62352
[2025-09-14 17:01:27.245] [INFO] MainForm shutdown initiated
[2025-09-14 17:01:27.247] [INFO] Stopping data ingestion worker
[2025-09-14 17:01:27.348] [ERROR] TCP Client handler error
[2025-09-14 17:01:27.356] [ERROR] Exception: The operation was canceled.
[2025-09-14 17:01:27.356] [ERROR] TCP Listener error
[2025-09-14 17:01:27.357] [ERROR] Exception: The I/O operation has been aborted because of either a thread exit or an application request.
[2025-09-14 17:01:27.371] [INFO] Named Pipe listener stopped
[2025-09-14 17:01:27.371] [INFO] Message processing loop cancelled
[2025-09-14 17:01:27.434] [ERROR]    at System.Threading.CancellationToken.ThrowOperationCanceledException()
   at System.Threading.CancellationToken.ThrowIfCancellationRequested()
   at System.Net.Sockets.Socket.AwaitableSocketAsyncEventArgs.ThrowException(SocketError error, CancellationToken cancellationToken)
   at System.Threading.Tasks.ValueTask`1.ValueTaskSourceAsTask.<>c.<.cctor>b__4_0(Object state)
--- End of stack trace from previous location ---
   at TradingDataVisualization.Workers.IngestWorker.HandleTcpClientAsync(TcpClient client, CancellationToken cancellationToken) in C:\Users\vinee\Desktop\Work\Projects\WinForms-High-Volume-OrderTradeBook\TradingDataVisualization\Workers\IngestWorker.cs:line 197
[2025-09-14 17:01:27.434] [ERROR]    at System.Net.Sockets.Socket.AwaitableSocketAsyncEventArgs.ThrowException(SocketError error, CancellationToken cancellationToken)
   at System.Net.Sockets.Socket.AwaitableSocketAsyncEventArgs.System.Threading.Tasks.Sources.IValueTaskSource<System.Net.Sockets.Socket>.GetResult(Int16 token)
   at System.Net.Sockets.TcpListener.<AcceptTcpClientAsync>g__WaitAndWrap|32_0(ValueTask`1 task)
   at TradingDataVisualization.Workers.IngestWorker.StartTcpListenerAsync(CancellationToken cancellationToken) in C:\Users\vinee\Desktop\Work\Projects\WinForms-High-Volume-OrderTradeBook\TradingDataVisualization\Workers\IngestWorker.cs:line 166
[2025-09-14 17:01:27.434] [INFO] Data ingestion worker stopped successfully
[2025-09-14 17:01:27.446] [INFO] MainForm shutdown completed
[2025-09-14 17:01:27.612] [INFO] === Application startup initiated ===
[2025-09-14 17:01:27.613] [INFO] MainForm initialization started
[2025-09-14 17:01:27.614] [INFO] IngestWorker initialized with TCP and Named Pipe support
[2025-09-14 17:01:27.619] [INFO] MainForm initialization completed successfully
[2025-09-14 17:01:27.619] [INFO] Starting data ingestion worker
[2025-09-14 17:01:27.619] [INFO] TCP listener started on port 9999
[2025-09-14 17:01:27.621] [INFO] Starting Named Pipe listener: TradingDataPipe
[2025-09-14 17:01:27.621] [INFO] Message processing loop started
[2025-09-14 17:01:27.735] [INFO] Data ingestion worker started successfully
[2025-09-14 17:01:28.614] [INFO] MainForm shutdown initiated
[2025-09-14 17:01:28.615] [INFO] Stopping data ingestion worker
[2025-09-14 17:01:28.679] [INFO] Named Pipe listener stopped
[2025-09-14 17:01:28.679] [ERROR] TCP Listener error
[2025-09-14 17:01:28.680] [ERROR] Exception: The I/O operation has been aborted because of either a thread exit or an application request.
[2025-09-14 17:01:28.681] [ERROR]    at System.Net.Sockets.Socket.AwaitableSocketAsyncEventArgs.ThrowException(SocketError error, CancellationToken cancellationToken)
   at System.Net.Sockets.Socket.AwaitableSocketAsyncEventArgs.System.Threading.Tasks.Sources.IValueTaskSource<System.Net.Sockets.Socket>.GetResult(Int16 token)
   at System.Net.Sockets.TcpListener.<AcceptTcpClientAsync>g__WaitAndWrap|32_0(ValueTask`1 task)
   at TradingDataVisualization.Workers.IngestWorker.StartTcpListenerAsync(CancellationToken cancellationToken) in C:\Users\vinee\Desktop\Work\Projects\WinForms-High-Volume-OrderTradeBook\TradingDataVisualization\Workers\IngestWorker.cs:line 166
[2025-09-14 17:01:28.686] [INFO] Message processing loop cancelled
[2025-09-14 17:01:28.687] [INFO] Data ingestion worker stopped successfully
[2025-09-14 17:01:28.687] [INFO] MainForm shutdown completed
[2025-09-14 17:01:28.795] [INFO] === Application shutdown completed ===
[2025-09-14 20:04:30.644] [INFO] MainForm initialization started
[2025-09-14 20:04:32.848] [INFO] IngestWorker initialized with TCP and Named Pipe support
[2025-09-14 20:04:35.503] [INFO] MainForm initialization completed successfully
[2025-09-14 20:04:35.504] [INFO] Starting data ingestion worker
[2025-09-14 20:04:35.542] [INFO] TCP listener started on port 9999
[2025-09-14 20:04:35.554] [INFO] Starting Named Pipe listener: TradingDataPipe
[2025-09-14 20:04:35.558] [INFO] Message processing loop started
[2025-09-14 20:04:35.664] [INFO] Data ingestion worker started successfully
[2025-09-14 20:04:47.169] [INFO] TCP client connected from 127.0.0.1:50635
[2025-09-14 20:05:22.884] [ERROR] TCP Client handler error
[2025-09-14 20:05:22.884] [ERROR] Exception: Unable to read data from the transport connection: An existing connection was forcibly closed by the remote host..
[2025-09-14 20:05:22.997] [ERROR]    at System.Net.Sockets.Socket.AwaitableSocketAsyncEventArgs.ThrowException(SocketError error, CancellationToken cancellationToken)
   at System.Threading.Tasks.ValueTask`1.ValueTaskSourceAsTask.<>c.<.cctor>b__4_0(Object state)
--- End of stack trace from previous location ---
   at TradingDataVisualization.Workers.IngestWorker.HandleTcpClientAsync(TcpClient client, CancellationToken cancellationToken) in C:\Users\vinee\Desktop\Work\Projects\WinForms-High-Volume-OrderTradeBook\TradingDataVisualization\Workers\IngestWorker.cs:line 197
[2025-09-14 20:05:39.442] [INFO] TCP client connected from 127.0.0.1:50644
[2025-09-14 20:09:36.861] [ERROR] TCP Client handler error
[2025-09-14 20:09:36.861] [ERROR] Exception: Unable to read data from the transport connection: An existing connection was forcibly closed by the remote host..
[2025-09-14 20:09:36.862] [ERROR]    at System.Net.Sockets.Socket.AwaitableSocketAsyncEventArgs.ThrowException(SocketError error, CancellationToken cancellationToken)
   at System.Threading.Tasks.ValueTask`1.ValueTaskSourceAsTask.<>c.<.cctor>b__4_0(Object state)
--- End of stack trace from previous location ---
   at TradingDataVisualization.Workers.IngestWorker.HandleTcpClientAsync(TcpClient client, CancellationToken cancellationToken) in C:\Users\vinee\Desktop\Work\Projects\WinForms-High-Volume-OrderTradeBook\TradingDataVisualization\Workers\IngestWorker.cs:line 197
[2025-09-14 20:09:51.505] [INFO] TCP client connected from 127.0.0.1:50679
[2025-09-14 20:12:05.233] [ERROR] TCP Client handler error
[2025-09-14 20:12:05.233] [ERROR] Exception: Unable to read data from the transport connection: An existing connection was forcibly closed by the remote host..
[2025-09-14 20:12:05.255] [ERROR]    at System.Net.Sockets.Socket.AwaitableSocketAsyncEventArgs.ThrowException(SocketError error, CancellationToken cancellationToken)
   at System.Threading.Tasks.ValueTask`1.ValueTaskSourceAsTask.<>c.<.cctor>b__4_0(Object state)
--- End of stack trace from previous location ---
   at TradingDataVisualization.Workers.IngestWorker.HandleTcpClientAsync(TcpClient client, CancellationToken cancellationToken) in C:\Users\vinee\Desktop\Work\Projects\WinForms-High-Volume-OrderTradeBook\TradingDataVisualization\Workers\IngestWorker.cs:line 197
[2025-09-14 20:12:41.642] [INFO] MainForm initialization started
[2025-09-14 20:12:44.490] [INFO] IngestWorker initialized with TCP and Named Pipe support
[2025-09-14 20:12:44.678] [INFO] MainForm initialization completed successfully
[2025-09-14 20:12:44.680] [INFO] Starting data ingestion worker
[2025-09-14 20:12:44.742] [INFO] TCP listener started on port 9999
[2025-09-14 20:12:44.759] [INFO] Starting Named Pipe listener: TradingDataPipe
[2025-09-14 20:12:44.762] [INFO] Message processing loop started
[2025-09-14 20:12:44.876] [INFO] Data ingestion worker started successfully
[2025-09-14 20:13:42.749] [INFO] TCP client connected from 127.0.0.1:50711
[2025-09-14 21:59:24.722] [INFO] MainForm initialization started
[2025-09-14 21:59:26.793] [INFO] IngestWorker initialized with TCP and Named Pipe support
[2025-09-14 21:59:26.991] [INFO] MainForm initialization completed successfully
[2025-09-14 21:59:26.992] [INFO] Starting data ingestion worker
[2025-09-14 21:59:27.037] [INFO] TCP listener started on port 9999
[2025-09-14 21:59:27.050] [INFO] Starting Named Pipe listener: TradingDataPipe
[2025-09-14 21:59:27.055] [INFO] Message processing loop started
[2025-09-14 21:59:27.162] [INFO] Data ingestion worker started successfully
